2024-08-08 18:24:40,552 - INFO - Time taken by get_page_content: 25.11 seconds
2024-08-08 18:25:06,210 - INFO - Time taken by get_page_content: 25.57 seconds
2024-08-08 18:25:32,194 - INFO - Time taken by get_page_content: 25.86 seconds
2024-08-08 18:25:58,054 - INFO - Time taken by get_page_content: 25.71 seconds
2024-08-08 18:26:24,021 - INFO - Time taken by get_page_content: 25.85 seconds
2024-08-08 18:26:49,189 - INFO - Time taken by get_page_content: 25.06 seconds
2024-08-08 18:27:16,868 - INFO - Time taken by get_page_content: 27.57 seconds
2024-08-08 18:27:42,785 - INFO - Time taken by get_page_content: 25.79 seconds
2024-08-08 18:28:08,444 - INFO - Time taken by get_page_content: 25.46 seconds
2024-08-08 18:30:12,278 - INFO - Time taken by get_page_content: 23.09 seconds
2024-08-08 18:30:37,655 - INFO - Time taken by get_page_content: 25.30 seconds
2024-08-08 18:31:03,420 - INFO - Time taken by get_page_content: 25.65 seconds
2024-08-08 18:31:29,345 - INFO - Time taken by get_page_content: 25.76 seconds
2024-08-08 18:31:55,634 - INFO - Time taken by get_page_content: 26.15 seconds
2024-08-08 18:32:21,126 - INFO - Time taken by get_page_content: 25.38 seconds
2024-08-08 18:32:46,920 - INFO - Time taken by get_page_content: 25.69 seconds
2024-08-08 18:33:12,473 - INFO - Time taken by get_page_content: 25.43 seconds
2024-08-08 18:33:38,334 - INFO - Time taken by get_page_content: 25.67 seconds
2024-08-08 18:34:58,211 - INFO - Time taken by get_page_content: 22.81 seconds
2024-08-08 18:35:24,272 - INFO - Time taken by get_page_content: 25.98 seconds
2024-08-08 18:35:50,111 - INFO - Time taken by get_page_content: 25.72 seconds
2024-08-08 18:36:15,858 - INFO - Time taken by get_page_content: 25.60 seconds
2024-08-08 18:36:42,409 - INFO - Time taken by get_page_content: 26.40 seconds
2024-08-08 18:37:08,161 - INFO - Time taken by get_page_content: 25.64 seconds
2024-08-08 18:37:33,683 - INFO - Time taken by get_page_content: 25.42 seconds
2024-08-08 18:37:59,775 - INFO - Time taken by get_page_content: 25.93 seconds
2024-08-08 18:38:26,463 - INFO - Time taken by get_page_content: 26.50 seconds
2024-08-08 18:45:13,604 - INFO - Time taken by get_page_content: 22.79 seconds
2024-08-08 18:45:40,630 - INFO - Time taken by get_page_content: 26.92 seconds
2024-08-08 18:46:06,281 - INFO - Time taken by get_page_content: 25.53 seconds
2024-08-08 18:46:35,636 - INFO - Time taken by get_page_content: 29.20 seconds
2024-08-08 18:47:02,688 - INFO - Time taken by get_page_content: 26.92 seconds
2024-08-08 18:47:27,970 - INFO - Time taken by get_page_content: 25.13 seconds
2024-08-08 18:47:54,241 - INFO - Time taken by get_page_content: 26.13 seconds
2024-08-08 18:48:20,615 - INFO - Time taken by get_page_content: 26.23 seconds
2024-08-08 18:48:46,534 - INFO - Time taken by get_page_content: 25.73 seconds
2024-08-08 18:49:12,447 - INFO - Time taken by get_page_content: 25.77 seconds
2024-08-08 18:49:37,920 - INFO - Time taken by get_page_content: 25.34 seconds
2024-08-08 18:49:38,041 - INFO - Write to file: D:\projects\mate-academy-test-assignment\app\courses_data.json
2024-08-08 18:49:38,200 - INFO - Write to Excel file: D:\projects\mate-academy-test-assignment\app\courses_data.xlsx
2024-08-08 18:49:38,204 - INFO - Courses data saved to D:\projects\mate-academy-test-assignment\app\courses_data.json and D:\projects\mate-academy-test-assignment\app\courses_data.xlsx
2024-08-08 18:49:38,207 - INFO - Time taken by main: 287.39 seconds
2024-08-08 18:51:50,661 - INFO - Time taken by get_page_content: 23.02 seconds
2024-08-08 18:52:16,502 - INFO - Time taken by get_page_content: 25.74 seconds
2024-08-08 18:52:42,608 - INFO - Time taken by get_page_content: 25.99 seconds
2024-08-08 18:53:08,862 - INFO - Time taken by get_page_content: 26.10 seconds
2024-08-08 18:53:35,134 - INFO - Time taken by get_page_content: 26.15 seconds
2024-08-08 18:54:02,232 - INFO - Time taken by get_page_content: 26.99 seconds
2024-08-08 18:54:28,786 - INFO - Time taken by get_page_content: 26.43 seconds
2024-08-08 18:54:54,473 - INFO - Time taken by get_page_content: 25.55 seconds
2024-08-08 18:55:20,443 - INFO - Time taken by get_page_content: 25.77 seconds
2024-08-08 19:00:34,239 - INFO - Time taken by get_page_content: 23.28 seconds
2024-08-08 19:01:00,138 - INFO - Time taken by get_page_content: 25.81 seconds
2024-08-08 19:01:26,112 - INFO - Time taken by get_page_content: 25.84 seconds
2024-08-08 19:01:52,322 - INFO - Time taken by get_page_content: 26.05 seconds
2024-08-08 19:02:18,175 - INFO - Time taken by get_page_content: 25.73 seconds
2024-08-08 19:02:43,673 - INFO - Time taken by get_page_content: 25.38 seconds
2024-08-08 19:03:09,468 - INFO - Time taken by get_page_content: 25.68 seconds
2024-08-08 19:03:35,397 - INFO - Time taken by get_page_content: 25.80 seconds
2024-08-08 19:04:01,579 - INFO - Time taken by get_page_content: 25.99 seconds
2024-08-08 19:04:01,698 - ERROR - Could not find course duration for URL: https://mate.academy/courses/devops
2024-08-08 19:04:01,698 - ERROR - Error processing course: Could not find course duration for URL: https://mate.academy/courses/devops
2024-08-08 19:04:01,699 - INFO - Time taken by main: 230.74 seconds
2024-08-08 19:06:47,514 - INFO - Time taken by get_page_content: 23.09 seconds
2024-08-08 19:07:13,605 - INFO - Time taken by get_page_content: 26.01 seconds
2024-08-08 19:07:40,955 - INFO - Time taken by get_page_content: 27.23 seconds
2024-08-08 19:08:06,869 - INFO - Time taken by get_page_content: 25.75 seconds
2024-08-08 19:08:33,268 - INFO - Time taken by get_page_content: 26.28 seconds
2024-08-08 19:08:58,533 - INFO - Time taken by get_page_content: 25.15 seconds
2024-08-08 19:09:24,730 - INFO - Time taken by get_page_content: 26.08 seconds
2024-08-08 19:09:51,108 - INFO - Time taken by get_page_content: 26.23 seconds
2024-08-08 19:10:17,172 - INFO - Time taken by get_page_content: 25.88 seconds
2024-08-08 19:14:42,365 - INFO - Time taken by get_page_content: 23.60 seconds
2024-08-08 19:15:08,862 - INFO - Time taken by get_page_content: 26.38 seconds
2024-08-08 19:15:35,138 - INFO - Time taken by get_page_content: 26.14 seconds
2024-08-08 19:16:01,263 - INFO - Time taken by get_page_content: 25.94 seconds
2024-08-08 19:16:28,779 - INFO - Time taken by get_page_content: 27.36 seconds
2024-08-08 19:16:54,642 - INFO - Time taken by get_page_content: 25.73 seconds
2024-08-08 19:17:21,164 - INFO - Time taken by get_page_content: 26.40 seconds
2024-08-08 19:17:47,432 - INFO - Time taken by get_page_content: 26.11 seconds
2024-08-08 19:18:13,622 - INFO - Time taken by get_page_content: 25.97 seconds
2024-08-08 19:18:13,736 - ERROR - Could not find course duration for URL: https://mate.academy/courses/devops
2024-08-08 19:18:13,736 - ERROR - Error processing course: Could not find course duration for URL: https://mate.academy/courses/devops
2024-08-08 19:18:13,737 - INFO - Time taken by main: 234.97 seconds
2024-08-08 19:24:06,703 - INFO - Time taken by get_page_content for https://mate.academy/: 23.91 seconds
2024-08-08 19:24:32,863 - INFO - Time taken by get_page_content for https://mate.academy/courses/ui-ux?source=profession_card: 26.07 seconds
2024-08-08 19:25:00,216 - INFO - Time taken by get_page_content for https://mate.academy/courses/qa?source=profession_card: 27.24 seconds
2024-08-08 19:25:26,116 - INFO - Time taken by get_page_content for https://mate.academy/courses/python?source=profession_card: 25.75 seconds
2024-08-08 19:25:52,159 - INFO - Time taken by get_page_content for https://mate.academy/courses/data-analytics?source=profession_card: 25.92 seconds
2024-08-08 19:26:17,485 - INFO - Time taken by get_page_content for https://mate.academy/courses/digital-marketing?source=profession_card: 25.22 seconds
2024-08-08 19:26:43,400 - INFO - Time taken by get_page_content for https://mate.academy/courses/frontend?source=profession_card: 25.81 seconds
2024-08-08 19:27:09,546 - INFO - Time taken by get_page_content for https://mate.academy/courses/fullstack?source=profession_card: 26.02 seconds
2024-08-08 19:27:34,850 - INFO - Time taken by get_page_content for https://mate.academy/courses/devops?source=profession_card: 25.11 seconds
2024-08-08 19:35:50,315 - INFO - Time taken by get_page_content for https://mate.academy/: 23.65 seconds
2024-08-08 19:36:16,293 - INFO - Time taken by get_page_content for https://mate.academy/courses/ui-ux?source=profession_card: 25.89 seconds
2024-08-08 19:36:42,336 - INFO - Time taken by get_page_content for https://mate.academy/courses/qa?source=profession_card: 25.93 seconds
2024-08-08 19:37:08,467 - INFO - Time taken by get_page_content for https://mate.academy/courses/python?source=profession_card: 25.98 seconds
2024-08-08 19:37:34,709 - INFO - Time taken by get_page_content for https://mate.academy/courses/data-analytics?source=profession_card: 26.12 seconds
2024-08-08 19:38:00,003 - INFO - Time taken by get_page_content for https://mate.academy/courses/digital-marketing?source=profession_card: 25.18 seconds
2024-08-08 19:38:26,744 - INFO - Time taken by get_page_content for https://mate.academy/courses/frontend?source=profession_card: 26.62 seconds
2024-08-08 19:38:52,769 - INFO - Time taken by get_page_content for https://mate.academy/courses/fullstack?source=profession_card: 25.89 seconds
2024-08-08 19:39:18,554 - INFO - Time taken by get_page_content for https://mate.academy/courses/devops?source=profession_card: 25.61 seconds
2024-08-08 19:43:12,587 - INFO - Time taken by get_page_content for https://mate.academy/: 24.49 seconds
2024-08-08 19:43:12,700 - INFO - Write to file: D:\projects\mate-academy-test-assignment\app\courses_data.json
2024-08-08 19:43:12,730 - INFO - Write to Excel file: D:\projects\mate-academy-test-assignment\app\courses_data.xlsx
2024-08-08 19:43:12,730 - INFO - Courses data saved to D:\projects\mate-academy-test-assignment\app\courses_data.json and D:\projects\mate-academy-test-assignment\app\courses_data.xlsx
2024-08-08 19:43:12,731 - INFO - Time taken by main for https://mate.academy/: 24.64 seconds
